1/13/2017 7:23:09 AM	This log contains information about the import schema operation into project 'Matrix.Database' on computer 'RESMAN-TREVOR' by user 'Trevor.Burbidge'.
1/13/2017 7:23:09 AM	Import of database schema has started.
1/13/2017 7:23:13 AM	Gathering database options
1/13/2017 7:23:13 AM	Gathering users
1/13/2017 7:23:13 AM	Gathering roles
1/13/2017 7:23:13 AM	Gathering application roles
1/13/2017 7:23:13 AM	Gathering role memberships
1/13/2017 7:23:13 AM	Gathering filegroups
1/13/2017 7:23:13 AM	Gathering full-text catalogs
1/13/2017 7:23:13 AM	Gathering assemblies
1/13/2017 7:23:13 AM	Gathering certificates
1/13/2017 7:23:13 AM	Gathering asymmetric keys
1/13/2017 7:23:13 AM	Gathering symmetric keys
1/13/2017 7:23:13 AM	Gathering encrypted symmetric keys
1/13/2017 7:23:13 AM	Gathering schemas
1/13/2017 7:23:13 AM	Gathering XML schema collections
1/13/2017 7:23:13 AM	Gathering user-defined data types
1/13/2017 7:23:13 AM	Gathering user-defined types
1/13/2017 7:23:13 AM	Gathering table types
1/13/2017 7:23:13 AM	Gathering unique keys for table types
1/13/2017 7:23:13 AM	Gathering primary keys for table types
1/13/2017 7:23:13 AM	Gathering indexes for table types
1/13/2017 7:23:13 AM	Gathering check constraints for table types
1/13/2017 7:23:13 AM	Gathering default constraints for table types
1/13/2017 7:23:13 AM	Gathering partition functions
1/13/2017 7:23:13 AM	Gathering partition schemes
1/13/2017 7:23:13 AM	Gathering functions
1/13/2017 7:23:13 AM	Gathering encrypted functions
1/13/2017 7:23:13 AM	Gathering aggregates
1/13/2017 7:23:13 AM	Gathering procedures
1/13/2017 7:23:13 AM	Gathering encrypted procedures
1/13/2017 7:23:13 AM	Gathering tables
1/13/2017 7:23:13 AM	Gathering primary keys
1/13/2017 7:23:13 AM	Gathering unique constraints
1/13/2017 7:23:13 AM	Gathering foreign keys
1/13/2017 7:23:13 AM	Gathering default constraints
1/13/2017 7:23:13 AM	Gathering check constraints
1/13/2017 7:23:13 AM	Gathering views
1/13/2017 7:23:13 AM	Gathering encrypted views
1/13/2017 7:23:13 AM	Gathering indexes
1/13/2017 7:23:13 AM	Gathering statistics
1/13/2017 7:23:13 AM	Gathering full-text index stoplists
1/13/2017 7:23:13 AM	Gathering search property lists
1/13/2017 7:23:13 AM	Gathering search properties
1/13/2017 7:23:13 AM	Gathering full-text indexes
1/13/2017 7:23:13 AM	Gathering column store indexes
1/13/2017 7:23:13 AM	Gathering spatial indexes
1/13/2017 7:23:13 AM	Gathering XML indexes
1/13/2017 7:23:13 AM	Gathering Selective XML indexes
1/13/2017 7:23:13 AM	Gathering encrypted triggers
1/13/2017 7:23:13 AM	Gathering triggers
1/13/2017 7:23:13 AM	Gathering encrypted and clr ddl triggers
1/13/2017 7:23:13 AM	Gathering ddl triggers
1/13/2017 7:23:13 AM	Gathering synonyms
1/13/2017 7:23:13 AM	Gathering defaults
1/13/2017 7:23:13 AM	Gathering data constraint uddt bindings
1/13/2017 7:23:13 AM	Gathering rules
1/13/2017 7:23:13 AM	Gathering data constraint uddt bindings
1/13/2017 7:23:13 AM	Gathering message types
1/13/2017 7:23:13 AM	Gathering queues
1/13/2017 7:23:13 AM	Gathering contracts
1/13/2017 7:23:13 AM	Gathering services
1/13/2017 7:23:13 AM	Gathering event notifications
1/13/2017 7:23:13 AM	Gathering remote service bindings
1/13/2017 7:23:13 AM	Gathering broker priorities
1/13/2017 7:23:13 AM	Gathering signatures
1/13/2017 7:23:13 AM	Gathering data compression options
1/13/2017 7:23:13 AM	Gathering sequence types
1/13/2017 7:23:13 AM	Gathering extended properties
1/13/2017 7:23:13 AM	Finished importing database.
1/13/2017 7:23:13 AM	A summary of the import was saved to the following location: c:\Users\trevor.burbidge\documents\visual studio 2015\Projects\Matrix.Database\Import Schema Logs\Matrix.Database_20170113022309.log
1/13/2017 7:23:13 AM	Click Finish to continue...
